<?xml version="1.0" encoding="utf-8"?><testsuites><testsuite name="robotcode_python" errors="0" failures="0" skipped="0" tests="13" time="0.660" timestamp="2021-03-09T22:11:47.265037" hostname="Blackstar"><testcase classname="tests.jsonrpc.test_jsonrpcprotocol" name="test_receive_a_request_message_should_work" time="0.027" /><testcase classname="tests.jsonrpc.test_jsonrpcprotocol" name="test_receive_a_request_message_should_work_with_string_id" time="0.011" /><testcase classname="tests.jsonrpc.test_jsonrpcprotocol" name="test_receive_a_batch_request_should_work" time="0.008" /><testcase classname="tests.jsonrpc.test_jsonrpcprotocol" name="test_receive_invalid_jsonmessage_should_throw_send_an_error" time="0.014" /><testcase classname="tests.jsonrpc.test_jsonrpcprotocol" name="test_receive_a_request_with_invalid_protocol_version_should_send_an_error" time="0.009" /><testcase classname="tests.jsonrpc.test_jsonrpcprotocol" name="test_receive_an_error_should_work" time="0.009" /><testcase classname="tests.jsonrpc.test_jsonrpcprotocol" name="test_receive_response_should_work" time="0.006" /><testcase classname="tests.jsonrpc.test_jsonrpcprotocol" name="test_receive_invalid_id_in_response_should_send_an_error" time="0.007" /><testcase classname="tests.jsonrpc.test_jsonrpcprotocol" name="test_send_request_receive_response_should_work_without_param_type_work" time="0.006" /><testcase classname="tests.jsonrpc.test_jsonrpcprotocol" name="test_receive_response_should_work_with_pydantic_model" time="0.009" /><testcase classname="tests.jsonrpc.test_jsonrpcprotocol" name="test_receive_response_should_work_with_converter" time="0.005" /><testcase classname="tests.jsonrpc.test_jsonrpcprotocol" name="test_receive_response_should_work_with_generic_list" time="0.005" /><testcase classname="tests.jsonrpc.test_jsonrpcprotocol" name="test_receive_response_with_generic_dict_should_return_unchanged" time="0.011" /></testsuite></testsuites>